0 info it worked if it ends with ok
1 verbose cli [ 'node', '/usr/local/bin/npm', 'publish' ]
2 info using npm@2.1.12
3 info using node@v0.10.31
4 verbose node symlink /usr/local/bin/node
5 verbose publish [ '.' ]
6 silly cache add args [ '.', null ]
7 verbose cache add spec .
8 silly cache add parsed spec { raw: '.',
8 silly cache add   scope: null,
8 silly cache add   name: null,
8 silly cache add   rawSpec: '.',
8 silly cache add   spec: '/Users/cdennison/projects/jasmine-tools-riq',
8 silly cache add   type: 'directory' }
9 verbose tar pack [ '/Users/cdennison/.npm/jasmine-tools-riq/0.1.6/package.tgz',
9 verbose tar pack   '/Users/cdennison/projects/jasmine-tools-riq' ]
10 verbose tarball /Users/cdennison/.npm/jasmine-tools-riq/0.1.6/package.tgz
11 verbose folder /Users/cdennison/projects/jasmine-tools-riq
12 info prepublish jasmine-tools-riq@0.1.6
13 verbose addLocalTarball adding from inside cache /Users/cdennison/.npm/jasmine-tools-riq/0.1.6/package.tgz
14 silly cache afterAdd jasmine-tools-riq@0.1.6
15 verbose afterAdd /Users/cdennison/.npm/jasmine-tools-riq/0.1.6/package/package.json not in flight; writing
16 verbose afterAdd /Users/cdennison/.npm/jasmine-tools-riq/0.1.6/package/package.json written
17 silly publish { name: 'jasmine-tools-riq',
17 silly publish   version: '0.1.6',
17 silly publish   publishConfig: { registry: 'https://relateiq.artifactoryonline.com/relateiq/api/npm/npm-local/jasmine-tools-riq' },
17 silly publish   description: 'common jasmine tools and matchers for RelateIQ development',
17 silly publish   main: 'index.js',
17 silly publish   scripts: { test: 'echo "Error: no test specified" && exit 1' },
17 silly publish   repository:
17 silly publish    { type: 'git',
17 silly publish      url: 'https://github.com/relateiq/jasmine-tools-riq.git' },
17 silly publish   keywords: [ 'jasmine', 'testing', 'bdd' ],
17 silly publish   author: '',
17 silly publish   license: 'ISC',
17 silly publish   bugs: { url: 'https://github.com/relateiq/jasmine-tools-riq/issues' },
17 silly publish   homepage: 'https://github.com/relateiq/jasmine-tools-riq',
17 silly publish   devDependencies: { gulp: '^3.8.10', 'gulp-tasks-riq': '^0.1.2' },
17 silly publish   dependencies: { jquery: '^2.1.3' },
17 silly publish   readme: 'ERROR: No README data found!',
17 silly publish   readmeFilename: 'README.md',
17 silly publish   gitHead: 'ab0823e82ea638d1fefdd9cd129c014533363246',
17 silly publish   _id: 'jasmine-tools-riq@0.1.6',
17 silly publish   _shasum: '7b4454dac36bc33504318f78f06150ac5645e190',
17 silly publish   _from: '.' }
18 silly mapToRegistry name jasmine-tools-riq
19 silly mapToRegistry using default registry
20 silly mapToRegistry registry https://relateiq.artifactoryonline.com/relateiq/api/npm/npm-local/jasmine-tools-riq
21 silly mapToRegistry uri https://relateiq.artifactoryonline.com/relateiq/api/npm/npm-local/jasmine-tools-riq/jasmine-tools-riq
22 verbose publish registryBase https://relateiq.artifactoryonline.com/relateiq/api/npm/npm-local/jasmine-tools-riq
23 silly publish uploading /Users/cdennison/.npm/jasmine-tools-riq/0.1.6/package.tgz
24 verbose request uri https://relateiq.artifactoryonline.com/relateiq/api/npm/npm-local/jasmine-tools-riq
25 verbose request always-auth set; sending authorization
26 info attempt registry request try #1 at 15:43:08
27 verbose request id adf260a888be6e45
28 http request PUT https://relateiq.artifactoryonline.com/relateiq/api/npm/npm-local/jasmine-tools-riq
29 http 403 https://relateiq.artifactoryonline.com/relateiq/api/npm/npm-local/jasmine-tools-riq
30 verbose headers { 'content-type': 'application/json',
30 verbose headers   date: 'Wed, 07 Jan 2015 23:43:08 GMT',
30 verbose headers   server: 'nginx',
30 verbose headers   'x-artifactory-id': 'aolprod2-use-1d-relateiq',
30 verbose headers   'transfer-encoding': 'chunked',
30 verbose headers   connection: 'keep-alive' }
31 verbose request invalidating /Users/cdennison/.npm/relateiq.artifactoryonline.com/relateiq/api/npm/npm-local/jasmine-tools-riq on PUT
32 error publish Failed PUT 403
33 verbose stack Error: forbidden cannot modify pre-existing version: 0.1.6.: relateiq,api,npm,npm-local,jasmine-tools-riq
33 verbose stack     at CachingRegistryClient.<anonymous> (/usr/local/lib/node_modules/npm/node_modules/npm-registry-client/lib/request.js:242:14)
33 verbose stack     at Request._callback (/usr/local/lib/node_modules/npm/node_modules/npm-registry-client/lib/request.js:172:14)
33 verbose stack     at Request.self.callback (/usr/local/lib/node_modules/npm/node_modules/request/request.js:373:22)
33 verbose stack     at Request.emit (events.js:98:17)
33 verbose stack     at Request.<anonymous> (/usr/local/lib/node_modules/npm/node_modules/request/request.js:1318:14)
33 verbose stack     at Request.emit (events.js:117:20)
33 verbose stack     at IncomingMessage.<anonymous> (/usr/local/lib/node_modules/npm/node_modules/request/request.js:1266:12)
33 verbose stack     at IncomingMessage.emit (events.js:117:20)
33 verbose stack     at _stream_readable.js:943:16
33 verbose stack     at process._tickCallback (node.js:419:13)
34 verbose statusCode 403
35 verbose pkgid relateiq
36 verbose cwd /Users/cdennison/projects/jasmine-tools-riq
37 error Darwin 14.0.0
38 error argv "node" "/usr/local/bin/npm" "publish"
39 error node v0.10.31
40 error npm  v2.1.12
41 error code E403
42 error forbidden cannot modify pre-existing version: 0.1.6.: relateiq,api,npm,npm-local,jasmine-tools-riq
43 error If you need help, you may report this error at:
43 error     <http://github.com/npm/npm/issues>
44 verbose exit [ 1, true ]
